<?xml version="1.0" encoding="UTF-8"?>
<!-- Generated by org.testng.reporters.JUnitXMLReporter -->
<testsuite hostname="DESKTOP-SFS223H" name="NOP Commerce Regression Test" tests="10" failures="0" timestamp="26 Sep 2019 13:45:02 GMT" time="228.82" errors="0">
  <testcase name="loginPageTitletest" time="0.016" classname="com.crm.qa.tests.LoginPageTest"/>
  <testcase name="LoginTest" time="5.755" classname="com.crm.qa.tests.LoginPageTest"/>
  <testcase name="LoggedUserTest" time="0.251" classname="com.crm.qa.tests.DashboardPageTest"/>
  <testcase name="PageHeaderTest" time="0.398" classname="com.crm.qa.tests.DashboardPageTest"/>
  <testcase name="ClickCustomerLinkTest" time="2.105" classname="com.crm.qa.tests.DashboardPageTest"/>
  <testcase name="ClickCustomerLinkTest" time="2.387" classname="com.crm.qa.tests.CustomersPageTest"/>
  <testcase name="searchCustomerTest" time="3.159" classname="com.crm.qa.tests.CustomersPageTest"/>
  <testcase name="clickAndVerifyNewCustomerTest" time="5.028" classname="com.crm.qa.tests.AddANewCustomerPageTest"/>
  <testcase name="clickbacktoCustomerTest" time="6.535" classname="com.crm.qa.tests.AddANewCustomerPageTest"/>
  <testcase name="clickLogoutTest" time="1.7" classname="com.crm.qa.tests.AddANewCustomerPageTest"/>
</testsuite> <!-- NOP Commerce Regression Test -->
