<?xml version="1.0" encoding="UTF-8"?>
<testng-results skipped="0" failed="0" total="2" passed="2">
  <reporter-output>
  </reporter-output>
  <suite name="Default suite" duration-ms="56454" started-at="2019-09-27T12:10:42Z" finished-at="2019-09-27T12:11:38Z">
    <groups>
    </groups>
    <test name="Default test" duration-ms="56454" started-at="2019-09-27T12:10:42Z" finished-at="2019-09-27T12:11:38Z">
      <class name="com.crm.qa.tests.LoginPageTest">
        <test-method status="PASS" signature="setUp()[pri:0, instance:com.crm.qa.tests.LoginPageTest@4cdbe50f]" name="setUp" is-config="true" duration-ms="35164" started-at="2019-09-27T13:10:42Z" finished-at="2019-09-27T13:11:17Z">
          <reporter-output>
          </reporter-output>
        </test-method> <!-- setUp -->
        <test-method status="PASS" signature="loginPageTitletest()[pri:1, instance:com.crm.qa.tests.LoginPageTest@4cdbe50f]" name="loginPageTitletest" duration-ms="56" started-at="2019-09-27T13:11:17Z" finished-at="2019-09-27T13:11:17Z">
          <reporter-output>
          </reporter-output>
        </test-method> <!-- loginPageTitletest -->
        <test-method status="PASS" signature="tearDown()[pri:0, instance:com.crm.qa.tests.LoginPageTest@4cdbe50f]" name="tearDown" is-config="true" duration-ms="2747" started-at="2019-09-27T13:11:17Z" finished-at="2019-09-27T13:11:20Z">
          <reporter-output>
          </reporter-output>
        </test-method> <!-- tearDown -->
        <test-method status="PASS" signature="setUp()[pri:0, instance:com.crm.qa.tests.LoginPageTest@4cdbe50f]" name="setUp" is-config="true" duration-ms="9606" started-at="2019-09-27T13:11:20Z" finished-at="2019-09-27T13:11:29Z">
          <reporter-output>
          </reporter-output>
        </test-method> <!-- setUp -->
        <test-method status="PASS" signature="LoginTest()[pri:2, instance:com.crm.qa.tests.LoginPageTest@4cdbe50f]" name="LoginTest" duration-ms="5715" started-at="2019-09-27T13:11:29Z" finished-at="2019-09-27T13:11:35Z">
          <reporter-output>
          </reporter-output>
        </test-method> <!-- LoginTest -->
        <test-method status="PASS" signature="tearDown()[pri:0, instance:com.crm.qa.tests.LoginPageTest@4cdbe50f]" name="tearDown" is-config="true" duration-ms="3146" started-at="2019-09-27T13:11:35Z" finished-at="2019-09-27T13:11:38Z">
          <reporter-output>
          </reporter-output>
        </test-method> <!-- tearDown -->
      </class> <!-- com.crm.qa.tests.LoginPageTest -->
    </test> <!-- Default test -->
  </suite> <!-- Default suite -->
</testng-results>
